<?xml version="1.0" encoding="UTF-8"?>
<testsuite name="Login to users" tests="1" skipped="0" failures="0" errors="0" timestamp="2022-01-28T05:27:00" hostname="TELO2Y0SL" time="5.615">
  <properties/>
  <testcase name="Login usuario" classname="Login to users" time="5.615"/>
  <system-out><![CDATA[HTTP/1.1 200 OK
Date: Fri, 28 Jan 2022 05:27:04 GMT
Content-Type: application/json; charset=utf-8
Transfer-Encoding: chunked
Connection: keep-alive
x-powered-by: Express
access-control-allow-origin: *
etag: W/"237-fH29ie4iU4oQ5gZUvm/bp3NFEEA"
via: 1.1 vegur
CF-Cache-Status: DYNAMIC
Expect-CT: max-age=604800, report-uri="https://report-uri.cloudflare.com/cdn-cgi/beacon/expect-ct"
Report-To: {"endpoints":[{"url":"https:\/\/a.nel.cloudflare.com\/report\/v3?s=XsPo4b3xRknxZmOCSY02ZjdEJfozb5GTLrtV9GtOev4uukOeaYP54nAy0HpW%2BumkTxjjTzRGv3JZxN0P9YUtx4f0kHSTcfgaIcl0dWxwxfvP0Vv4E3rQl2qH7S5ms4E2zlcD"}],"group":"cf-nel","max_age":604800}
NEL: {"success_fraction":0,"report_to":"cf-nel","max_age":604800}
Server: cloudflare
CF-RAY: 6d47cf3c487909ee-MIA
Content-Encoding: gzip
alt-svc: h3=":443"; ma=86400, h3-29=":443"; ma=86400

{
    "user": {
        "email": "johanaandrea1000@gmail.com",
        "username": "Andrea",
        "bio": "actualizar1",
        "image": "https://api.realworld.io/images/smiley-cyrus.jpeg",
        "token": "eyJhbGciOiJIUzI1NiIsInR5cCI6IkpXVCJ9.eyJlbWFpbCI6ImpvaGFuYWFuZHJlYTEwMDBAZ21haWwuY29tIiwidXNlcm5hbWUiOiJBbmRyZWEiLCJwYXNzd29yZCI6IiQyYSQxMCQ1LnF0YkxVQTQ5L2R2bkdHRy5pdEMuZ0RKZFJDUkozMHFjM2txSmxEejJsT01qQXRtemZBMiIsImJpbyI6ImFjdHVhbGl6YXIxIiwiaW1hZ2UiOiJodHRwczovL2FwaS5yZWFsd29ybGQuaW8vaW1hZ2VzL3NtaWxleS1jeXJ1cy5qcGVnIiwiaWF0IjoxNjQzMzQ3NjI0LCJleHAiOjE2NDg1MzE2MjR9.Vk1i0Zxce8xdO2ek9-MxY9VBt3rRUiML0KWdklJGNcA"
    }
}
]]></system-out>
  <system-err><![CDATA[[Test worker] INFO io.cucumber.core.plugin.SerenityReporter - Running feature from file:///C:/proyectos2021/Automatización%20de%20servicios/Conduit/ConduitRestAssurred/src/test/resources/features/login.feature
[Test worker] WARN io.cucumber.core.plugin.SerenityReporter - Feature from file:///C:/proyectos2021/Automatización%20de%20servicios/Conduit/ConduitRestAssurred/src/test/resources/features/login.feature is not under the 'features' directory. Requirements report will not be correctly generated!
[Test worker] INFO  - 
 _____ _____ ____ _____   ____ _____  _    ____ _____ _____ ____  
|_   _| ____/ ___|_   _| / ___|_   _|/ \  |  _ \_   _| ____|  _ \ 
  | | |  _| \___ \ | |   \___ \ | | / _ \ | |_) || | |  _| | | | |
  | | | |___ ___) || |    ___) || |/ ___ \|  _ < | | | |___| |_| |
  |_| |_____|____/ |_|   |____/ |_/_/   \_\_| \_\|_| |_____|____/ 

Login usuario(login-to-users;login-usuario)
-------------------------------------------------------------------
[Test worker] INFO  - 
        __    _____ _____ ____ _____   ____   _    ____  ____  _____ ____  
  _     \ \  |_   _| ____/ ___|_   _| |  _ \ / \  / ___|/ ___|| ____|  _ \ 
 (_)_____| |   | | |  _| \___ \ | |   | |_) / _ \ \___ \\___ \|  _| | | | |
  _|_____| |   | | | |___ ___) || |   |  __/ ___ \ ___) |___) | |___| |_| |
 (_)     | |   |_| |_____|____/ |_|   |_| /_/   \_\____/|____/|_____|____/ 
        /_/                                                                

Login usuario
----------------------------------------------------------------------------
]]></system-err>
</testsuite>
